<?xml version="1.0" encoding="UTF-8"?>
<!-- Generated by org.testng.reporters.JUnitReportReporter -->
<testsuite hostname="DESKTOP-RUBIAHB" failures="0" tests="3" name="Scripts.Clstask5" time="0.009" errors="0" timestamp="2023-10-02T15:00:03 IST" skipped="0">
  <testcase classname="Scripts.Clstask5" name="mul" time="0.001">
    <system-out>
      <![CDATA[TC2 PASS]]>
    </system-out>
  </testcase> <!-- mul -->
  <testcase classname="Scripts.Clstask5" name="add" time="0.007">
    <system-out>
      <![CDATA[TC1 PASS]]>
    </system-out>
  </testcase> <!-- add -->
  <testcase classname="Scripts.Clstask5" name="zo" time="0.001">
    <system-out>
      <![CDATA[TC3 PASS]]>
    </system-out>
  </testcase> <!-- zo -->
  <system-out>
    <![CDATA[TC1 PASS
TC2 PASS
TC3 PASS]]>
  </system-out>
</testsuite> <!-- Scripts.Clstask5 -->
