<?xml version="1.0" encoding="UTF-8"?>
<!-- Generated by org.testng.reporters.JUnitReportReporter -->
<testsuite hostname="DESKTOP-RUBIAHB" failures="0" tests="3" name="Scripts.Clstask6" time="31.244" errors="0" timestamp="2023-10-02T15:17:23 IST" skipped="0">
  <testcase classname="Scripts.Clstask6" name="Amazon" time="11.770"/>
  <testcase classname="Scripts.Clstask6" name="Shaadi" time="10.067"/>
  <testcase classname="Scripts.Clstask6" name="Mmt" time="9.407"/>
</testsuite> <!-- Scripts.Clstask6 -->
